\BOOKMARK [1][]{section.1}{\376\377\116\000\060\001\000\040\225\356\230\230\221\315\217\360}{}% 1
\BOOKMARK [2][]{subsection.1.1}{\376\377\0001\000.\0001\000\040\225\356\230\230\200\314\146\157}{section.1}% 2
\BOOKMARK [2][]{subsection.1.2}{\376\377\0001\000.\0002\000\040\225\356\230\230\143\320\121\372}{section.1}% 3
\BOOKMARK [1][]{section.2}{\376\377\116\214\060\001\000\040\225\356\230\230\122\006\147\220}{}% 4
\BOOKMARK [2][]{subsection.2.1}{\376\377\0002\000.\0001\000\040\225\356\230\230\116\000\166\204\122\006\147\220\377\032\127\372\116\216\215\050\221\317\133\210\140\122\166\204\122\250\122\233\133\146\152\041\127\213\147\204\136\372}{section.2}% 5
\BOOKMARK [2][]{subsection.2.2}{\376\377\0002\000.\0002\000\040\225\356\230\230\116\214\166\204\122\006\147\220\377\032\155\123\136\246\145\366\172\172\157\024\123\026\211\304\137\213\166\204\145\160\120\074\154\102\211\343}{section.2}% 6
\BOOKMARK [2][]{subsection.2.3}{\376\377\0002\000.\0003\000\040\225\356\230\230\116\011\166\204\122\006\147\220\377\032\220\032\230\316\173\126\165\145\166\204\160\165\145\117\136\246\122\006\147\220\116\016\117\030\123\026}{section.2}% 7
\BOOKMARK [1][]{section.3}{\376\377\116\011\060\001\000\040\173\046\123\367\213\364\146\016}{}% 8
\BOOKMARK [1][]{section.4}{\376\377\126\333\060\001\000\040\152\041\127\213\120\107\213\276}{}% 9
\BOOKMARK [1][]{section.5}{\376\377\116\224\060\001\000\040\152\041\127\213\166\204\136\372\172\313\116\016\154\102\211\343}{}% 10
\BOOKMARK [2][]{subsection.5.1}{\376\377\0005\000.\0001\000\040\225\356\230\230\116\000\377\032\172\172\154\024\155\101\220\032\122\250\122\233\133\146\152\041\127\213\166\204\136\372\172\313\116\016\154\102\211\343}{section.5}% 11
\BOOKMARK [3][]{subsubsection.5.1.1}{\376\377\0005\000.\0001\000.\0001\000\040\152\041\127\213\136\372\172\313}{subsection.5.1}% 12
\BOOKMARK [3][]{subsubsection.5.1.2}{\376\377\0005\000.\0001\000.\0002\000\040\152\041\127\213\154\102\211\343}{subsection.5.1}% 13
\BOOKMARK [2][]{subsection.5.2}{\376\377\0005\000.\0002\000\040\152\041\127\213\166\204\211\343\147\220\154\102\211\343\116\016\164\006\213\272\230\204\155\113}{section.5}% 14
\BOOKMARK [3][]{subsubsection.5.2.1}{\376\377\0005\000.\0002\000.\0001\000\040\174\373\176\337\166\204\133\210\140\122\140\047\122\006\147\220}{subsection.5.2}% 15
\BOOKMARK [3][]{subsubsection.5.2.2}{\376\377\0005\000.\0002\000.\0002\000\040\211\343\147\220\211\343\166\204\143\250\133\374}{subsection.5.2}% 16
\BOOKMARK [3][]{subsubsection.5.2.3}{\376\377\0005\000.\0002\000.\0003\000\040\123\302\145\160\116\343\121\145\116\016\230\204\155\113}{subsection.5.2}% 17
\BOOKMARK [2][]{subsection.5.3}{\376\377\0005\000.\0003\000\040\155\123\136\246\145\366\172\172\157\024\123\026\211\304\137\213\166\204\145\160\120\074\152\041\142\337}{section.5}% 18
\BOOKMARK [3][]{subsubsection.5.3.1}{\376\377\0005\000.\0003\000.\0001\000\040\137\256\122\006\145\271\172\013\166\204\154\102\211\343}{subsection.5.3}% 19
\BOOKMARK [3][]{subsubsection.5.3.2}{\376\377\0005\000.\0003\000.\0002\000\040\154\102\211\343\176\323\147\234}{subsection.5.3}% 20
\BOOKMARK [3][]{subsubsection.5.3.3}{\376\377\0005\000.\0003\000.\0003\000\040\211\343\221\312\213\364\146\016}{subsection.5.3}% 21
\BOOKMARK [2][]{subsection.5.4}{\376\377\0005\000.\0004\000\040\172\172\154\024\137\353\220\037\121\300\123\026\173\126\165\145\152\041\127\213}{section.5}% 22
\BOOKMARK [3][]{subsubsection.5.4.1}{\376\377\0005\000.\0004\000.\0001\000\040\152\041\127\213\136\372\172\313}{subsection.5.4}% 23
\BOOKMARK [3][]{subsubsection.5.4.2}{\376\377\0005\000.\0004\000.\0002\000\040\152\041\127\213\154\102\211\343}{subsection.5.4}% 24
\BOOKMARK [3][]{subsubsection.5.4.3}{\376\377\0005\000.\0004\000.\0003\000\040\176\323\147\234\134\125\171\072\123\312\213\262\211\343}{subsection.5.4}% 25
\BOOKMARK [1][]{section.6}{\376\377\121\155\060\001\000\040\160\165\145\117\136\246\122\006\147\220\000\040}{}% 26
\BOOKMARK [2][]{subsection.6.1}{\376\377\0006\000.\0001\000\040\122\006\147\220\145\271\154\325}{section.6}% 27
\BOOKMARK [2][]{subsection.6.2}{\376\377\0006\000.\0002\000\040\122\006\147\220\176\323\147\234}{section.6}% 28
\BOOKMARK [1][]{section.7}{\376\377\116\003\060\001\000\040\152\041\127\213\213\304\116\367\000\040}{}% 29
\BOOKMARK [2][]{subsection.7.1}{\376\377\0007\000.\0001\000\040\152\041\127\213\166\204\117\030\160\271}{section.7}% 30
\BOOKMARK [2][]{subsection.7.2}{\376\377\0007\000.\0002\000\040\152\041\127\213\166\204\177\072\160\271\116\016\145\071\217\333}{section.7}% 31
\BOOKMARK [1][]{section*.6}{\376\377\123\302\200\003\145\207\163\056}{}% 32
\BOOKMARK [1][]{appendix.A}{\376\377\226\104\137\125\000\040\000A\000\040\226\104\137\125\377\032\116\073\211\201\000P\000y\000t\000h\000o\000n\154\102\211\343\116\343\170\001}{}% 33
\BOOKMARK [2][]{subsection.A.1}{\376\377\0001\000.\0001\000\040\225\356\230\230\116\214\377\032\123\314\145\131\133\244\154\024\117\123\116\244\143\142\122\250\122\233\133\146\152\041\142\337}{appendix.A}% 34
\BOOKMARK [2][]{subsection.A.2}{\376\377\0001\000.\0002\000\040\225\356\230\230\116\011\377\032\116\015\124\014\121\300\123\026\173\126\165\145\166\204\133\371\153\324\122\006\147\220}{appendix.A}% 35
\BOOKMARK [2][]{subsection.A.3}{\376\377\0001\000.\0003\000\040\160\165\145\117\136\246\122\006\147\220\116\343\170\001}{appendix.A}% 36
