\BOOKMARK [1][]{section.1}{\376\377\116\000\060\001\000\040\225\356\230\230\221\315\217\360}{}% 1
\BOOKMARK [2][]{subsection.1.1}{\376\377\0001\000.\0001\000\040\225\356\230\230\200\314\146\157}{section.1}% 2
\BOOKMARK [2][]{subsection.1.2}{\376\377\0001\000.\0002\000\040\225\356\230\230\143\320\121\372}{section.1}% 3
\BOOKMARK [1][]{section.2}{\376\377\116\214\060\001\000\040\225\356\230\230\122\006\147\220}{}% 4
\BOOKMARK [2][]{subsection.2.1}{\376\377\0002\000.\0001\000\040\116\373\122\241\116\000\166\204\122\006\147\220\377\032\127\372\116\216\131\032\156\220\137\002\147\204\211\343\147\220\116\016\122\376\172\075\150\041\232\214\166\204\176\323\147\204\123\026\136\372\152\041}{section.2}% 5
\BOOKMARK [2][]{subsection.2.2}{\376\377\0002\000.\0002\000\040\116\373\122\241\116\214\166\204\122\006\147\220\377\032\127\372\116\216\141\017\126\376\213\306\122\053\116\016\116\012\116\013\145\207\121\163\200\124\166\204\116\244\116\222\137\017\147\345\213\342\136\372\152\041}{section.2}% 6
\BOOKMARK [2][]{subsection.2.3}{\376\377\0002\000.\0003\000\040\116\373\122\241\116\011\166\204\122\006\147\220\377\032\127\372\116\216\167\345\213\306\130\236\137\072\150\300\175\042\116\016\116\373\122\241\201\352\116\073\211\304\122\022\166\204\137\122\126\340\156\257\156\220\136\372\152\041}{section.2}% 7
\BOOKMARK [1][]{section.3}{\376\377\116\011\060\001\000\040\173\046\123\367\213\364\146\016}{}% 8
\BOOKMARK [1][]{section.4}{\376\377\126\333\060\001\000\040\152\041\127\213\120\107\213\276}{}% 9
\BOOKMARK [1][]{section.5}{\376\377\116\224\060\001\000\040\152\041\127\213\166\204\136\372\172\313\116\016\154\102\211\343}{}% 10
\BOOKMARK [2][]{subsection.5.1}{\376\377\0005\000.\0001\000\040\116\373\122\241\116\000\377\032\227\136\176\323\147\204\123\026\215\042\142\245\145\160\143\156\166\204\211\343\147\220\116\016\145\160\143\156\136\223\147\204\136\372}{section.5}% 11
\BOOKMARK [2][]{subsection.5.2}{\376\377\0005\000.\0002\000\040\145\160\143\156\136\223\144\055\136\372\220\350\122\006\377\010\124\016\176\355\143\245\127\050\225\356\230\230\116\000\124\016\227\142\377\011}{section.5}% 12
\BOOKMARK [2][]{subsection.5.3}{\376\377\0005\000.\0003\000\040\116\373\122\241\116\214\377\032\227\142\124\021\215\042\142\245\166\204\040\034\146\172\200\375\213\342\225\356\040\035\122\251\142\113\147\204\136\372}{section.5}% 13
\BOOKMARK [3][]{subsubsection.5.3.1}{\376\377\0005\000.\0003\000.\0001\000\040\174\373\176\337\140\073\117\123\147\266\147\204}{subsection.5.3}% 14
\BOOKMARK [3][]{subsubsection.5.3.2}{\376\377\0005\000.\0003\000.\0002\000\040\131\032\217\156\133\371\213\335\116\016\157\204\156\005\147\072\122\066}{subsection.5.3}% 15
\BOOKMARK [3][]{subsubsection.5.3.3}{\376\377\0005\000.\0003\000.\0003\000\040\127\372\116\216\131\047\213\355\212\000\152\041\127\213\166\204\000N\000L\0002\000S\000Q\000L\165\037\142\020\137\025\144\316}{subsection.5.3}% 16
\BOOKMARK [3][]{subsubsection.5.3.4}{\376\377\0005\000.\0003\000.\0004\000\040\201\352\122\250\126\376\210\150\165\037\142\020\116\016\213\301\143\156\123\026\210\150\217\276}{subsection.5.3}% 17
\BOOKMARK [3][]{subsubsection.5.3.5}{\376\377\0005\000.\0003\000.\0005\000\040\155\101\137\017\116\244\116\222\116\016\147\000\176\310\217\223\121\372\176\323\147\204}{subsection.5.3}% 18
\BOOKMARK [3][]{subsubsection.5.3.6}{\376\377\0005\000.\0003\000.\0006\000\040\152\041\127\213\134\125\171\072\116\016\176\323\147\234\217\223\121\372}{subsection.5.3}% 19
\BOOKMARK [1][]{section.6}{\376\377\121\155\060\001\000\040\160\165\145\117\136\246\122\006\147\220\000\040}{}% 20
\BOOKMARK [1][]{section.7}{\376\377\116\003\060\001\000\040\152\041\127\213\213\304\116\367\000\040}{}% 21
\BOOKMARK [2][]{subsection.7.1}{\376\377\0007\000.\0001\000\040\152\041\127\213\166\204\117\030\160\271}{section.7}% 22
\BOOKMARK [2][]{subsection.7.2}{\376\377\0007\000.\0002\000\040\152\041\127\213\166\204\177\072\160\271\116\016\145\071\217\333}{section.7}% 23
\BOOKMARK [1][]{section*.8}{\376\377\123\302\200\003\145\207\163\056}{}% 24
\BOOKMARK [1][]{appendix.A}{\376\377\226\104\137\125\000\040\000A\000\040\226\104\137\125\377\032\116\073\211\201\000P\000y\000t\000h\000o\000n\154\102\211\343\116\343\170\001}{}% 25
\BOOKMARK [2][]{subsection.A.1}{\376\377\0001\000.\0001\000\040\225\356\230\230\116\214\377\032\123\314\145\131\133\244\154\024\117\123\116\244\143\142\122\250\122\233\133\146\152\041\142\337}{appendix.A}% 26
\BOOKMARK [2][]{subsection.A.2}{\376\377\0001\000.\0002\000\040\225\356\230\230\116\011\377\032\116\015\124\014\121\300\123\026\173\126\165\145\166\204\133\371\153\324\122\006\147\220}{appendix.A}% 27
\BOOKMARK [2][]{subsection.A.3}{\376\377\0001\000.\0003\000\040\160\165\145\117\136\246\122\006\147\220\116\343\170\001}{appendix.A}% 28
